<?xml version="1.0" encoding="UTF-8"?>
<coverage generated="1581966050225" clover="3.2.0">
  <project timestamp="1581966050225" name="All files">
    <metrics statements="102" coveredstatements="101" conditionals="16" coveredconditionals="15" methods="36" coveredmethods="35" elements="154" coveredelements="151" complexity="0" loc="102" ncloc="102" packages="1" files="3" classes="3"/>
    <file name="index.js" path="/home/maricruzj/Desktop/Projects/LIM011-fe-md-links/src/index.js">
      <metrics statements="19" coveredstatements="19" conditionals="6" coveredconditionals="5" methods="7" coveredmethods="7"/>
      <line num="1" count="1" type="stmt"/>
      <line num="3" count="1" type="stmt"/>
      <line num="5" count="1" type="stmt"/>
      <line num="6" count="3" type="cond" truecount="1" falsecount="1"/>
      <line num="7" count="3" type="cond" truecount="2" falsecount="0"/>
      <line num="8" count="2" type="stmt"/>
      <line num="10" count="10" type="stmt"/>
      <line num="11" count="10" type="stmt"/>
      <line num="12" count="2" type="stmt"/>
      <line num="14" count="2" type="stmt"/>
      <line num="15" count="2" type="stmt"/>
      <line num="16" count="10" type="stmt"/>
      <line num="18" count="2" type="cond" truecount="2" falsecount="0"/>
      <line num="19" count="1" type="stmt"/>
      <line num="20" count="1" type="stmt"/>
      <line num="22" count="1" type="stmt"/>
      <line num="26" count="1" type="stmt"/>
      <line num="28" count="2" type="stmt"/>
      <line num="31" count="1" type="stmt"/>
    </file>
    <file name="main.js" path="/home/maricruzj/Desktop/Projects/LIM011-fe-md-links/src/main.js">
      <metrics statements="53" coveredstatements="52" conditionals="8" coveredconditionals="8" methods="21" coveredmethods="20"/>
      <line num="1" count="1" type="stmt"/>
      <line num="2" count="1" type="stmt"/>
      <line num="3" count="1" type="stmt"/>
      <line num="4" count="1" type="stmt"/>
      <line num="5" count="1" type="stmt"/>
      <line num="6" count="1" type="stmt"/>
      <line num="8" count="1" type="stmt"/>
      <line num="10" count="4" type="stmt"/>
      <line num="12" count="4" type="stmt"/>
      <line num="14" count="4" type="stmt"/>
      <line num="16" count="1" type="stmt"/>
      <line num="17" count="29" type="stmt"/>
      <line num="18" count="29" type="stmt"/>
      <line num="21" count="1" type="stmt"/>
      <line num="22" count="12" type="stmt"/>
      <line num="23" count="12" type="stmt"/>
      <line num="26" count="1" type="stmt"/>
      <line num="27" count="11" type="stmt"/>
      <line num="28" count="11" type="stmt"/>
      <line num="31" count="18" type="stmt"/>
      <line num="33" count="26" type="stmt"/>
      <line num="35" count="1" type="stmt"/>
      <line num="36" count="28" type="stmt"/>
      <line num="37" count="28" type="stmt"/>
      <line num="39" count="28" type="cond" truecount="4" falsecount="0"/>
      <line num="40" count="15" type="stmt"/>
      <line num="41" count="13" type="cond" truecount="2" falsecount="0"/>
      <line num="42" count="11" type="stmt"/>
      <line num="43" count="25" type="stmt"/>
      <line num="44" count="11" type="stmt"/>
      <line num="46" count="25" type="stmt"/>
      <line num="47" count="11" type="stmt"/>
      <line num="50" count="17" type="stmt"/>
      <line num="54" count="1" type="stmt"/>
      <line num="55" count="11" type="stmt"/>
      <line num="56" count="11" type="stmt"/>
      <line num="57" count="11" type="stmt"/>
      <line num="58" count="11" type="stmt"/>
      <line num="59" count="11" type="stmt"/>
      <line num="60" count="11" type="stmt"/>
      <line num="65" count="11" type="stmt"/>
      <line num="67" count="11" type="stmt"/>
      <line num="70" count="1" type="stmt"/>
      <line num="71" count="8" type="stmt"/>
      <line num="73" count="8" type="stmt"/>
      <line num="74" count="8" type="cond" truecount="2" falsecount="0"/>
      <line num="75" count="4" type="stmt"/>
      <line num="77" count="4" type="stmt"/>
      <line num="79" count="8" type="stmt"/>
      <line num="81" count="0" type="stmt"/>
      <line num="86" count="3" type="stmt"/>
      <line num="89" count="1" type="stmt"/>
      <line num="103" count="1" type="stmt"/>
    </file>
    <file name="options.js" path="/home/maricruzj/Desktop/Projects/LIM011-fe-md-links/src/options.js">
      <metrics statements="30" coveredstatements="30" conditionals="2" coveredconditionals="2" methods="8" coveredmethods="8"/>
      <line num="1" count="1" type="stmt"/>
      <line num="3" count="1" type="stmt"/>
      <line num="4" count="1" type="stmt"/>
      <line num="5" count="1" type="stmt"/>
      <line num="6" count="1" type="stmt"/>
      <line num="9" count="1" type="stmt"/>
      <line num="10" count="1" type="stmt"/>
      <line num="11" count="2" type="stmt"/>
      <line num="12" count="2" type="cond" truecount="2" falsecount="0"/>
      <line num="14" count="1" type="stmt"/>
      <line num="15" count="1" type="stmt"/>
      <line num="18" count="1" type="stmt"/>
      <line num="19" count="1" type="stmt"/>
      <line num="20" count="2" type="stmt"/>
      <line num="22" count="1" type="stmt"/>
      <line num="23" count="1" type="stmt"/>
      <line num="26" count="1" type="stmt"/>
      <line num="27" count="1" type="stmt"/>
      <line num="28" count="1" type="stmt"/>
      <line num="29" count="2" type="stmt"/>
      <line num="30" count="2" type="stmt"/>
      <line num="32" count="1" type="stmt"/>
      <line num="35" count="1" type="stmt"/>
      <line num="36" count="1" type="stmt"/>
      <line num="37" count="1" type="stmt"/>
      <line num="38" count="2" type="stmt"/>
      <line num="39" count="2" type="stmt"/>
      <line num="41" count="1" type="stmt"/>
      <line num="44" count="1" type="stmt"/>
      <line num="51" count="1" type="stmt"/>
    </file>
  </project>
</coverage>
