TN:
SF:/home/maricruzj/Desktop/Projects/LIM011-fe-md-links/src/index.js
FN:6,(anonymous_0)
FN:12,(anonymous_1)
FN:13,(anonymous_2)
FN:14,(anonymous_3)
FN:16,(anonymous_4)
FN:18,(anonymous_5)
FN:23,(anonymous_6)
FNF:7
FNH:7
FNDA:2,(anonymous_0)
FNDA:2,(anonymous_1)
FNDA:10,(anonymous_2)
FNDA:10,(anonymous_3)
FNDA:2,(anonymous_4)
FNDA:10,(anonymous_5)
FNDA:1,(anonymous_6)
DA:1,1
DA:3,1
DA:4,1
DA:6,1
DA:7,2
DA:8,2
DA:10,2
DA:11,2
DA:13,10
DA:14,10
DA:15,2
DA:17,2
DA:18,2
DA:19,10
DA:21,2
DA:22,1
DA:23,1
DA:25,1
DA:28,0
DA:29,2
DA:32,1
LF:21
LH:20
BRDA:7,0,0,2
BRDA:7,0,1,0
BRDA:10,1,0,2
BRDA:10,1,1,0
BRDA:21,2,0,1
BRDA:21,2,1,1
BRF:6
BRH:4
end_of_record
TN:
SF:/home/maricruzj/Desktop/Projects/LIM011-fe-md-links/src/main.js
FN:10,(anonymous_0)
FN:12,(anonymous_1)
FN:14,(anonymous_2)
FN:16,(anonymous_3)
FN:21,(anonymous_4)
FN:26,(anonymous_5)
FN:31,(anonymous_6)
FN:33,(anonymous_7)
FN:35,(anonymous_8)
FN:38,(anonymous_9)
FN:43,(anonymous_10)
FN:43,(anonymous_11)
FN:44,(anonymous_12)
FN:45,(anonymous_13)
FN:46,(anonymous_14)
FN:54,(anonymous_15)
FN:59,(anonymous_16)
FN:70,(anonymous_17)
FN:71,(anonymous_18)
FN:72,(anonymous_19)
FN:81,(anonymous_20)
FNF:21
FNH:20
FNDA:3,(anonymous_0)
FNDA:3,(anonymous_1)
FNDA:3,(anonymous_2)
FNDA:29,(anonymous_3)
FNDA:12,(anonymous_4)
FNDA:11,(anonymous_5)
FNDA:18,(anonymous_6)
FNDA:26,(anonymous_7)
FNDA:28,(anonymous_8)
FNDA:28,(anonymous_9)
FNDA:11,(anonymous_10)
FNDA:25,(anonymous_11)
FNDA:11,(anonymous_12)
FNDA:11,(anonymous_13)
FNDA:25,(anonymous_14)
FNDA:11,(anonymous_15)
FNDA:11,(anonymous_16)
FNDA:3,(anonymous_17)
FNDA:8,(anonymous_18)
FNDA:8,(anonymous_19)
FNDA:0,(anonymous_20)
DA:1,1
DA:2,1
DA:3,1
DA:4,1
DA:5,1
DA:6,1
DA:8,1
DA:10,3
DA:12,3
DA:14,3
DA:16,1
DA:17,29
DA:18,29
DA:21,1
DA:22,12
DA:23,12
DA:26,1
DA:27,11
DA:28,11
DA:31,18
DA:33,26
DA:35,1
DA:36,28
DA:37,28
DA:39,28
DA:40,15
DA:41,13
DA:42,11
DA:43,25
DA:44,11
DA:46,25
DA:47,11
DA:50,17
DA:54,1
DA:55,11
DA:56,11
DA:57,11
DA:58,11
DA:59,11
DA:60,11
DA:65,11
DA:67,11
DA:70,1
DA:71,8
DA:73,8
DA:74,8
DA:75,4
DA:77,4
DA:79,8
DA:81,0
DA:86,3
DA:89,1
DA:103,1
LF:53
LH:52
BRDA:39,0,0,15
BRDA:39,0,1,13
BRDA:39,1,0,28
BRDA:39,1,1,17
BRDA:41,2,0,11
BRDA:41,2,1,2
BRDA:74,3,0,4
BRDA:74,3,1,4
BRDA:74,4,0,8
BRDA:74,4,1,8
BRF:10
BRH:10
end_of_record
TN:
SF:/home/maricruzj/Desktop/Projects/LIM011-fe-md-links/src/options.js
FN:9,(anonymous_0)
FN:10,(anonymous_1)
FN:18,(anonymous_2)
FN:19,(anonymous_3)
FN:26,(anonymous_4)
FN:28,(anonymous_5)
FN:35,(anonymous_6)
FN:37,(anonymous_7)
FNF:8
FNH:8
FNDA:1,(anonymous_0)
FNDA:2,(anonymous_1)
FNDA:1,(anonymous_2)
FNDA:2,(anonymous_3)
FNDA:1,(anonymous_4)
FNDA:2,(anonymous_5)
FNDA:1,(anonymous_6)
FNDA:2,(anonymous_7)
DA:1,1
DA:3,1
DA:4,1
DA:5,1
DA:6,1
DA:9,1
DA:10,1
DA:11,2
DA:12,2
DA:14,1
DA:15,1
DA:18,1
DA:19,1
DA:20,2
DA:22,1
DA:23,1
DA:26,1
DA:27,1
DA:28,1
DA:29,2
DA:30,2
DA:32,1
DA:35,1
DA:36,1
DA:37,1
DA:38,2
DA:39,2
DA:41,1
DA:44,1
DA:51,1
LF:30
LH:30
BRDA:12,0,0,1
BRDA:12,0,1,1
BRF:2
BRH:2
end_of_record
